app/build/intermediates/manifest_merge_blame_file/debug/manifest-merger-blame-debug-report.txt
1<?xml version="1.0" encoding="utf-8"?>
2<!--
3 Copyright (c) 2010-2011, The MiCode Open Source Community (www.micode.net)
4
5     Licensed under the Apache License, Version 2.0 (the "License");
6     you may not use this file except in compliance with the License.
7     You may obtain a copy of the License at
8
9          http://www.apache.org/licenses/LICENSE-2.0
10
11     Unless required by applicable law or agreed to in writing, software
12     distributed under the License is distributed on an "AS IS" BASIS,
13     WITHOUT WARRANTIES OR CONDITIONS OF ANY KIND, either express or implied.
14     See the License for the specific language governing permissions and
15     limitations under the License.
16-->
17<manifest xmlns:android="http://schemas.android.com/apk/res/android"
18    package="net.micode.notes"
19    android:versionCode="1"
20    android:versionName="1.0" >
21
22    <uses-sdk
22-->Notes-master\AndroidManifest.xml:22:5-44
23        android:minSdkVersion="14"
23-->Notes-master\AndroidManifest.xml:22:15-41
24        android:targetSdkVersion="34" />
25
26    <uses-permission android:name="android.permission.WRITE_EXTERNAL_STORAGE" />
26-->Notes-master\AndroidManifest.xml:24:5-81
26-->Notes-master\AndroidManifest.xml:24:22-78
27    <uses-permission android:name="com.android.launcher.permission.INSTALL_SHORTCUT" />
27-->Notes-master\AndroidManifest.xml:25:5-88
27-->Notes-master\AndroidManifest.xml:25:22-85
28    <uses-permission android:name="android.permission.INTERNET" />
28-->Notes-master\AndroidManifest.xml:26:5-67
28-->Notes-master\AndroidManifest.xml:26:22-64
29    <uses-permission android:name="android.permission.READ_CONTACTS" />
29-->Notes-master\AndroidManifest.xml:27:5-72
29-->Notes-master\AndroidManifest.xml:27:22-69
30    <uses-permission android:name="android.permission.MANAGE_ACCOUNTS" />
30-->Notes-master\AndroidManifest.xml:28:5-74
30-->Notes-master\AndroidManifest.xml:28:22-71
31    <uses-permission android:name="android.permission.AUTHENTICATE_ACCOUNTS" />
31-->Notes-master\AndroidManifest.xml:29:5-80
31-->Notes-master\AndroidManifest.xml:29:22-77
32    <uses-permission android:name="android.permission.GET_ACCOUNTS" />
32-->Notes-master\AndroidManifest.xml:30:5-71
32-->Notes-master\AndroidManifest.xml:30:22-68
33    <uses-permission android:name="android.permission.USE_CREDENTIALS" />
33-->Notes-master\AndroidManifest.xml:31:5-74
33-->Notes-master\AndroidManifest.xml:31:22-71
34    <uses-permission android:name="android.permission.RECEIVE_BOOT_COMPLETED" />
34-->Notes-master\AndroidManifest.xml:32:5-81
34-->Notes-master\AndroidManifest.xml:32:22-78
35
36    <permission
36-->[androidx.core:core:1.12.0] AndroidManifest.xml:22:5-24:47
37        android:name="net.micode.notes.DYNAMIC_RECEIVER_NOT_EXPORTED_PERMISSION"
37-->[androidx.core:core:1.12.0] AndroidManifest.xml:23:9-81
38        android:protectionLevel="signature" />
38-->[androidx.core:core:1.12.0] AndroidManifest.xml:24:9-44
39
40    <uses-permission android:name="net.micode.notes.DYNAMIC_RECEIVER_NOT_EXPORTED_PERMISSION" />
40-->[androidx.core:core:1.12.0] AndroidManifest.xml:26:5-97
40-->[androidx.core:core:1.12.0] AndroidManifest.xml:26:22-94
41
42    <application
42-->Notes-master\AndroidManifest.xml:34:5-158:19
43        android:appComponentFactory="androidx.core.app.CoreComponentFactory"
43-->[androidx.core:core:1.12.0] AndroidManifest.xml:28:18-86
44        android:debuggable="true"
45        android:extractNativeLibs="true"
46        android:icon="@drawable/icon_app"
46-->Notes-master\AndroidManifest.xml:35:9-42
47        android:label="@string/app_name"
47-->Notes-master\AndroidManifest.xml:36:9-41
48        android:testOnly="true" >
49        <activity
49-->Notes-master\AndroidManifest.xml:37:9-51:20
50            android:name="net.micode.notes.ui.NotesListActivity"
50-->Notes-master\AndroidManifest.xml:38:13-49
51            android:configChanges="keyboardHidden|orientation|screenSize"
51-->Notes-master\AndroidManifest.xml:40:13-74
52            android:exported="true"
52-->Notes-master\AndroidManifest.xml:39:13-36
53            android:label="@string/app_name"
53-->Notes-master\AndroidManifest.xml:41:13-45
54            android:launchMode="singleTop"
54-->Notes-master\AndroidManifest.xml:42:13-43
55            android:theme="@style/NoteTheme"
55-->Notes-master\AndroidManifest.xml:43:13-45
56            android:uiOptions="splitActionBarWhenNarrow"
56-->Notes-master\AndroidManifest.xml:44:13-57
57            android:windowSoftInputMode="adjustPan" >
57-->Notes-master\AndroidManifest.xml:45:13-52
58            <intent-filter>
58-->Notes-master\AndroidManifest.xml:47:13-50:29
59                <action android:name="android.intent.action.MAIN" />
59-->Notes-master\AndroidManifest.xml:48:17-69
59-->Notes-master\AndroidManifest.xml:48:25-66
60
61                <category android:name="android.intent.category.LAUNCHER" />
61-->Notes-master\AndroidManifest.xml:49:17-77
61-->Notes-master\AndroidManifest.xml:49:27-74
62            </intent-filter>
63        </activity>
64        <activity
64-->Notes-master\AndroidManifest.xml:53:9-82:20
65            android:name="net.micode.notes.ui.NoteEditActivity"
65-->Notes-master\AndroidManifest.xml:54:13-48
66            android:configChanges="keyboardHidden|orientation|screenSize"
66-->Notes-master\AndroidManifest.xml:56:13-74
67            android:exported="true"
67-->Notes-master\AndroidManifest.xml:55:13-36
68            android:launchMode="singleTop"
68-->Notes-master\AndroidManifest.xml:57:13-43
69            android:theme="@style/NoteTheme" >
69-->Notes-master\AndroidManifest.xml:58:13-45
70            <intent-filter>
70-->Notes-master\AndroidManifest.xml:60:13-65:29
71                <action android:name="android.intent.action.VIEW" />
71-->Notes-master\AndroidManifest.xml:61:17-69
71-->Notes-master\AndroidManifest.xml:61:25-66
72
73                <category android:name="android.intent.category.DEFAULT" />
73-->Notes-master\AndroidManifest.xml:62:17-76
73-->Notes-master\AndroidManifest.xml:62:27-73
74
75                <data android:mimeType="vnd.android.cursor.item/text_note" />
75-->Notes-master\AndroidManifest.xml:63:17-78
75-->Notes-master\AndroidManifest.xml:63:23-75
76                <data android:mimeType="vnd.android.cursor.item/call_note" />
76-->Notes-master\AndroidManifest.xml:63:17-78
76-->Notes-master\AndroidManifest.xml:63:23-75
77            </intent-filter>
78            <intent-filter>
78-->Notes-master\AndroidManifest.xml:67:13-72:29
79                <action android:name="android.intent.action.INSERT_OR_EDIT" />
79-->Notes-master\AndroidManifest.xml:68:17-79
79-->Notes-master\AndroidManifest.xml:68:25-76
80
81                <category android:name="android.intent.category.DEFAULT" />
81-->Notes-master\AndroidManifest.xml:62:17-76
81-->Notes-master\AndroidManifest.xml:62:27-73
82
83                <data android:mimeType="vnd.android.cursor.item/text_note" />
83-->Notes-master\AndroidManifest.xml:63:17-78
83-->Notes-master\AndroidManifest.xml:63:23-75
84                <data android:mimeType="vnd.android.cursor.item/call_note" />
84-->Notes-master\AndroidManifest.xml:63:17-78
84-->Notes-master\AndroidManifest.xml:63:23-75
85            </intent-filter>
86            <intent-filter>
86-->Notes-master\AndroidManifest.xml:74:13-77:29
87                <action android:name="android.intent.action.SEARCH" />
87-->Notes-master\AndroidManifest.xml:75:17-71
87-->Notes-master\AndroidManifest.xml:75:25-68
88
89                <category android:name="android.intent.category.DEFAULT" />
89-->Notes-master\AndroidManifest.xml:62:17-76
89-->Notes-master\AndroidManifest.xml:62:27-73
90            </intent-filter>
91
92            <meta-data
92-->Notes-master\AndroidManifest.xml:79:13-81:54
93                android:name="android.app.searchable"
93-->Notes-master\AndroidManifest.xml:80:17-54
94                android:resource="@xml/searchable" />
94-->Notes-master\AndroidManifest.xml:81:17-51
95        </activity>
96
97        <provider
97-->Notes-master\AndroidManifest.xml:84:9-87:43
98            android:name="net.micode.notes.data.NotesProvider"
98-->Notes-master\AndroidManifest.xml:85:13-63
99            android:authorities="micode_notes"
99-->Notes-master\AndroidManifest.xml:86:13-47
100            android:multiprocess="true" />
100-->Notes-master\AndroidManifest.xml:87:13-40
101
102        <receiver
102-->Notes-master\AndroidManifest.xml:89:9-102:20
103            android:name="net.micode.notes.widget.NoteWidgetProvider_2x"
103-->Notes-master\AndroidManifest.xml:90:13-57
104            android:exported="true"
104-->Notes-master\AndroidManifest.xml:91:13-36
105            android:label="@string/app_widget2x2" >
105-->Notes-master\AndroidManifest.xml:92:13-50
106            <intent-filter>
106-->Notes-master\AndroidManifest.xml:93:13-97:29
107                <action android:name="android.appwidget.action.APPWIDGET_UPDATE" />
107-->Notes-master\AndroidManifest.xml:94:17-84
107-->Notes-master\AndroidManifest.xml:94:25-81
108                <action android:name="android.appwidget.action.APPWIDGET_DELETED" />
108-->Notes-master\AndroidManifest.xml:95:17-85
108-->Notes-master\AndroidManifest.xml:95:25-82
109                <action android:name="android.intent.action.PRIVACY_MODE_CHANGED" />
109-->Notes-master\AndroidManifest.xml:96:17-85
109-->Notes-master\AndroidManifest.xml:96:25-82
110            </intent-filter>
111
112            <meta-data
112-->Notes-master\AndroidManifest.xml:99:13-101:58
113                android:name="android.appwidget.provider"
113-->Notes-master\AndroidManifest.xml:100:17-58
114                android:resource="@xml/widget_2x_info" />
114-->Notes-master\AndroidManifest.xml:101:17-55
115        </receiver>
116        <receiver
116-->Notes-master\AndroidManifest.xml:103:9-117:20
117            android:name="net.micode.notes.widget.NoteWidgetProvider_4x"
117-->Notes-master\AndroidManifest.xml:104:13-57
118            android:exported="true"
118-->Notes-master\AndroidManifest.xml:105:13-36
119            android:label="@string/app_widget4x4" >
119-->Notes-master\AndroidManifest.xml:106:13-50
120            <intent-filter>
120-->Notes-master\AndroidManifest.xml:93:13-97:29
121                <action android:name="android.appwidget.action.APPWIDGET_UPDATE" />
121-->Notes-master\AndroidManifest.xml:94:17-84
121-->Notes-master\AndroidManifest.xml:94:25-81
122                <action android:name="android.appwidget.action.APPWIDGET_DELETED" />
122-->Notes-master\AndroidManifest.xml:95:17-85
122-->Notes-master\AndroidManifest.xml:95:25-82
123                <action android:name="android.intent.action.PRIVACY_MODE_CHANGED" />
123-->Notes-master\AndroidManifest.xml:96:17-85
123-->Notes-master\AndroidManifest.xml:96:25-82
124            </intent-filter>
125
126            <meta-data
126-->Notes-master\AndroidManifest.xml:99:13-101:58
127                android:name="android.appwidget.provider"
127-->Notes-master\AndroidManifest.xml:100:17-58
128                android:resource="@xml/widget_4x_info" />
128-->Notes-master\AndroidManifest.xml:101:17-55
129        </receiver>
130        <receiver
130-->Notes-master\AndroidManifest.xml:119:9-123:20
131            android:name="net.micode.notes.ui.AlarmInitReceiver"
131-->Notes-master\AndroidManifest.xml:119:19-55
132            android:exported="true" >
132-->Notes-master\AndroidManifest.xml:119:56-79
133            <intent-filter>
133-->Notes-master\AndroidManifest.xml:120:13-122:29
134                <action android:name="android.intent.action.BOOT_COMPLETED" />
134-->Notes-master\AndroidManifest.xml:121:17-79
134-->Notes-master\AndroidManifest.xml:121:25-76
135            </intent-filter>
136        </receiver>
137        <receiver
137-->Notes-master\AndroidManifest.xml:125:9-128:20
138            android:name="net.micode.notes.ui.AlarmReceiver"
138-->Notes-master\AndroidManifest.xml:126:13-61
139            android:process=":remote" >
139-->Notes-master\AndroidManifest.xml:127:13-38
140        </receiver>
141
142        <activity
142-->Notes-master\AndroidManifest.xml:130:9-135:20
143            android:name="net.micode.notes.ui.AlarmAlertActivity"
143-->Notes-master\AndroidManifest.xml:131:13-50
144            android:label="@string/app_name"
144-->Notes-master\AndroidManifest.xml:132:13-45
145            android:launchMode="singleInstance"
145-->Notes-master\AndroidManifest.xml:133:13-48
146            android:theme="@android:style/Theme.Holo.Wallpaper.NoTitleBar" >
146-->Notes-master\AndroidManifest.xml:134:13-75
147        </activity>
148        <activity
148-->Notes-master\AndroidManifest.xml:137:9-141:20
149            android:name="net.micode.notes.ui.NoteVersionHistoryActivity"
149-->Notes-master\AndroidManifest.xml:138:13-58
150            android:label="@string/menu_version_history"
150-->Notes-master\AndroidManifest.xml:139:13-57
151            android:theme="@style/NoteTheme" >
151-->Notes-master\AndroidManifest.xml:140:13-45
152        </activity>
153        <activity
153-->Notes-master\AndroidManifest.xml:143:9-148:20
154            android:name="net.micode.notes.ui.NotesPreferenceActivity"
154-->Notes-master\AndroidManifest.xml:144:13-71
155            android:label="@string/preferences_title"
155-->Notes-master\AndroidManifest.xml:145:13-54
156            android:launchMode="singleTop"
156-->Notes-master\AndroidManifest.xml:146:13-43
157            android:theme="@android:style/Theme.Holo.Light" >
157-->Notes-master\AndroidManifest.xml:147:13-60
158        </activity>
159
160        <service
160-->Notes-master\AndroidManifest.xml:150:9-153:19
161            android:name="net.micode.notes.gtask.remote.GTaskSyncService"
161-->Notes-master\AndroidManifest.xml:151:13-74
162            android:exported="false" >
162-->Notes-master\AndroidManifest.xml:152:13-37
163        </service>
164
165        <meta-data
165-->Notes-master\AndroidManifest.xml:155:9-157:52
166            android:name="android.app.default_searchable"
166-->Notes-master\AndroidManifest.xml:156:13-58
167            android:value=".ui.NoteEditActivity" />
167-->Notes-master\AndroidManifest.xml:157:13-49
168
169        <provider
169-->[androidx.emoji2:emoji2:1.2.0] AndroidManifest.xml:24:9-32:20
170            android:name="androidx.startup.InitializationProvider"
170-->[androidx.emoji2:emoji2:1.2.0] AndroidManifest.xml:25:13-67
171            android:authorities="net.micode.notes.androidx-startup"
171-->[androidx.emoji2:emoji2:1.2.0] AndroidManifest.xml:26:13-68
172            android:exported="false" >
172-->[androidx.emoji2:emoji2:1.2.0] AndroidManifest.xml:27:13-37
173            <meta-data
173-->[androidx.emoji2:emoji2:1.2.0] AndroidManifest.xml:29:13-31:52
174                android:name="androidx.emoji2.text.EmojiCompatInitializer"
174-->[androidx.emoji2:emoji2:1.2.0] AndroidManifest.xml:30:17-75
175                android:value="androidx.startup" />
175-->[androidx.emoji2:emoji2:1.2.0] AndroidManifest.xml:31:17-49
176            <meta-data
176-->[androidx.lifecycle:lifecycle-process:2.4.1] AndroidManifest.xml:31:13-33:52
177                android:name="androidx.lifecycle.ProcessLifecycleInitializer"
177-->[androidx.lifecycle:lifecycle-process:2.4.1] AndroidManifest.xml:32:17-78
178                android:value="androidx.startup" />
178-->[androidx.lifecycle:lifecycle-process:2.4.1] AndroidManifest.xml:33:17-49
179        </provider>
180    </application>
181
182</manifest>